<?xml version="1.0" encoding="UTF-8"?>
<testng-results skipped="0" failed="0" ignored="0" total="2" passed="2">
  <reporter-output>
  </reporter-output>
  <suite name="Suite" duration-ms="41450" started-at="2021-03-14T21:10:20 EDT" finished-at="2021-03-14T21:11:01 EDT">
    <groups>
    </groups>
    <test name="Test" duration-ms="41450" started-at="2021-03-14T21:10:20 EDT" finished-at="2021-03-14T21:11:01 EDT">
      <class name="testcases.TC_002">
        <test-method status="PASS" signature="testcase1()[pri:0, instance:testcases.TC_002@3a5ed7a6]" name="testcase1" duration-ms="28384" started-at="2021-03-14T21:10:20 EDT" finished-at="2021-03-14T21:10:48 EDT">
          <reporter-output>
          </reporter-output>
        </test-method> <!-- testcase1 -->
      </class> <!-- testcases.TC_002 -->
      <class name="testcases.TC_001">
        <test-method status="PASS" signature="testcase1()[pri:0, instance:testcases.TC_001@6325a3ee]" name="testcase1" duration-ms="12963" started-at="2021-03-14T21:10:48 EDT" finished-at="2021-03-14T21:11:01 EDT">
          <reporter-output>
          </reporter-output>
        </test-method> <!-- testcase1 -->
      </class> <!-- testcases.TC_001 -->
    </test> <!-- Test -->
  </suite> <!-- Suite -->
</testng-results>
